#
# There is insufficient memory for the Java Runtime Environment to continue.
# Native memory allocation (malloc) failed to allocate 2097152 bytes for AllocateHeap
# Possible reasons:
#   The system is out of physical RAM or swap space
#   The process is running with CompressedOops enabled, and the Java Heap may be blocking the growth of the native heap
# Possible solutions:
#   Reduce memory load on the system
#   Increase physical memory or swap space
#   Check if swap backing store is full
#   Decrease Java heap size (-Xmx/-Xms)
#   Decrease number of Java threads
#   Decrease Java thread stack sizes (-Xss)
#   Set larger code cache with -XX:ReservedCodeCacheSize=
#   JVM is running with Unscaled Compressed Oops mode in which the Java heap is
#     placed in the first 4GB address space. The Java Heap base address is the
#     maximum limit for the native heap growth. Please use -XX:HeapBaseMinAddress
#     to set the Java Heap base and to place the Java Heap above 4GB virtual address.
# This output file may be truncated or incomplete.
#
#  Out of Memory Error (allocation.cpp:44), pid=14516, tid=17204
#
# JRE version: OpenJDK Runtime Environment Temurin-17.0.6+10 (17.0.6+10) (build 17.0.6+10)
# Java VM: OpenJDK 64-Bit Server VM Temurin-17.0.6+10 (17.0.6+10, mixed mode, emulated-client, tiered, compressed oops, compressed class ptrs, g1 gc, windows-amd64)
# No core dump will be written. Minidumps are not enabled by default on client versions of Windows
#

---------------  S U M M A R Y ------------

Command Line: -XX:+HeapDumpOnOutOfMemoryError -Xmx1024m -Dsts.lsp.client=vscode -Dsts.log.file=/dev/null -XX:TieredStopAtLevel=1 -Xlog:jni+resolve=off -Dspring.config.location=file:c:\Users\asus\.vscode\extensions\vmware.vscode-spring-boot-1.45.0\language-server\BOOT-INF\classes\application.properties org.springframework.ide.vscode.boot.app.BootLanguageServerBootApp

Host: Intel(R) Core(TM) i7-8565U CPU @ 1.80GHz, 8 cores, 7G,  Windows 10 , 64 bit Build 19041 (10.0.19041.1706)
Time: Wed Apr  5 08:35:27 2023 China Standard Time elapsed time: 5834.021421 seconds (0d 1h 37m 14s)

---------------  T H R E A D  ---------------

Current thread (0x0000016cad8ac200):  VMThread "VM Thread" [stack: 0x00000045b8800000,0x00000045b8900000] [id=17204]

Stack: [0x00000045b8800000,0x00000045b8900000]
Native frames: (J=compiled Java code, j=interpreted, Vv=VM code, C=native code)
V  [jvm.dll+0x67741a]
V  [jvm.dll+0x834434]
V  [jvm.dll+0x835bde]
V  [jvm.dll+0x836243]
V  [jvm.dll+0x2457b5]
V  [jvm.dll+0xa626f]
V  [jvm.dll+0x2f5b61]
V  [jvm.dll+0x2f17e0]
V  [jvm.dll+0x2d9ee7]
V  [jvm.dll+0x31ce67]
V  [jvm.dll+0x83a6eb]
V  [jvm.dll+0x83b424]
V  [jvm.dll+0x83b93c]
V  [jvm.dll+0x83bd14]
V  [jvm.dll+0x83bde0]
V  [jvm.dll+0x7e483a]
V  [jvm.dll+0x6762c5]
C  [ucrtbase.dll+0x21bb2]
C  [KERNEL32.DLL+0x17034]
C  [ntdll.dll+0x52651]

VM_Operation (0x00000045ba1fee20): G1CollectFull, mode: safepoint, requested by thread 0x0000016cb011e4d0


---------------  P R O C E S S  ---------------

Threads class SMR info:
_java_thread_list=0x0000016cb2c79f70, length=27, elements={
0x0000016cad8c2730, 0x0000016cad8c51e0, 0x0000016cad8efc00, 0x0000016cad8f15c0,
0x0000016cad8f1f70, 0x0000016cad8f3840, 0x0000016cad8f4100, 0x0000016cad8f51a0,
0x0000016cae5ff730, 0x0000016cae615540, 0x0000016cb00cd820, 0x0000016cb00d0df0,
0x0000016cb011e4d0, 0x0000016cb01247f0, 0x0000016ca2aa6ad0, 0x0000016cb0153a40,
0x0000016cb01b5140, 0x0000016cb037c010, 0x0000016cb037d820, 0x0000016cb037c4e0,
0x0000016cb037e1c0, 0x0000016cb0379990, 0x0000016cb037b1a0, 0x0000016cb037dcf0,
0x0000016cb0377310, 0x0000016cb0377cb0, 0x0000016cb0379e60
}

Java Threads: ( => current thread )
  0x0000016cad8c2730 JavaThread "Reference Handler" daemon [_thread_blocked, id=6704, stack(0x00000045b8900000,0x00000045b8a00000)]
  0x0000016cad8c51e0 JavaThread "Finalizer" daemon [_thread_blocked, id=18588, stack(0x00000045b8a00000,0x00000045b8b00000)]
  0x0000016cad8efc00 JavaThread "Signal Dispatcher" daemon [_thread_blocked, id=7880, stack(0x00000045b8b00000,0x00000045b8c00000)]
  0x0000016cad8f15c0 JavaThread "Attach Listener" daemon [_thread_blocked, id=9464, stack(0x00000045b8c00000,0x00000045b8d00000)]
  0x0000016cad8f1f70 JavaThread "Service Thread" daemon [_thread_blocked, id=10060, stack(0x00000045b8d00000,0x00000045b8e00000)]
  0x0000016cad8f3840 JavaThread "Monitor Deflation Thread" daemon [_thread_blocked, id=16160, stack(0x00000045b8e00000,0x00000045b8f00000)]
  0x0000016cad8f4100 JavaThread "C1 CompilerThread0" daemon [_thread_blocked, id=20404, stack(0x00000045b8f00000,0x00000045b9000000)]
  0x0000016cad8f51a0 JavaThread "Sweeper thread" daemon [_thread_blocked, id=20476, stack(0x00000045b9000000,0x00000045b9100000)]
  0x0000016cae5ff730 JavaThread "Notification Thread" daemon [_thread_blocked, id=10364, stack(0x00000045b9300000,0x00000045b9400000)]
  0x0000016cae615540 JavaThread "Common-Cleaner" daemon [_thread_blocked, id=9024, stack(0x00000045b9500000,0x00000045b9600000)]
  0x0000016cb00cd820 JavaThread "boundedElastic-evictor-1" daemon [_thread_blocked, id=15032, stack(0x00000045b9d00000,0x00000045b9e00000)]
  0x0000016cb00d0df0 JavaThread "boundedElastic-evictor-2" daemon [_thread_blocked, id=8124, stack(0x00000045ba000000,0x00000045ba100000)]
  0x0000016cb011e4d0 JavaThread "pool-10-thread-1" [_thread_blocked, id=14796, stack(0x00000045ba100000,0x00000045ba200000)]
  0x0000016cb01247f0 JavaThread "LanguageServerApp-lifecycle" [_thread_blocked, id=18972, stack(0x00000045ba200000,0x00000045ba300000)]
  0x0000016ca2aa6ad0 JavaThread "DestroyJavaVM" [_thread_blocked, id=8852, stack(0x00000045b8200000,0x00000045b8300000)]
  0x0000016cb0153a40 JavaThread "pool-11-thread-1" [_thread_in_native, id=17088, stack(0x00000045ba300000,0x00000045ba400000)]
  0x0000016cb01b5140 JavaThread "Simple-Language-Server main thread" daemon [_thread_blocked, id=8912, stack(0x00000045ba400000,0x00000045ba500000)]
  0x0000016cb037c010 JavaThread "parallel-1" daemon [_thread_blocked, id=14816, stack(0x00000045bb700000,0x00000045bb800000)]
  0x0000016cb037d820 JavaThread "pool-4-thread-1" [_thread_blocked, id=17224, stack(0x00000045bbc00000,0x00000045bbd00000)]
  0x0000016cb037c4e0 JavaThread "parallel-2" daemon [_thread_blocked, id=1796, stack(0x00000045bbd00000,0x00000045bbe00000)]
  0x0000016cb037e1c0 JavaThread "parallel-3" daemon [_thread_blocked, id=13404, stack(0x00000045bac00000,0x00000045bad00000)]
  0x0000016cb0379990 JavaThread "parallel-4" daemon [_thread_blocked, id=16512, stack(0x00000045b7f00000,0x00000045b8000000)]
  0x0000016cb037b1a0 JavaThread "Reconciler-1" daemon [_thread_blocked, id=17672, stack(0x00000045b8100000,0x00000045b8200000)]
  0x0000016cb037dcf0 JavaThread "parallel-5" daemon [_thread_blocked, id=4940, stack(0x00000045b9100000,0x00000045b9200000)]
  0x0000016cb0377310 JavaThread "parallel-6" daemon [_thread_blocked, id=16824, stack(0x00000045ba600000,0x00000045ba700000)]
  0x0000016cb0377cb0 JavaThread "parallel-7" daemon [_thread_blocked, id=8508, stack(0x00000045ba700000,0x00000045ba800000)]
  0x0000016cb0379e60 JavaThread "parallel-8" daemon [_thread_blocked, id=9056, stack(0x00000045ba800000,0x00000045ba900000)]

Other Threads:
=>0x0000016cad8ac200 VMThread "VM Thread" [stack: 0x00000045b8800000,0x00000045b8900000] [id=17204]
  0x0000016cae5ffc00 WatcherThread [stack: 0x00000045b9400000,0x00000045b9500000] [id=4124]
  0x0000016ca2ae6260 GCTaskThread "GC Thread#0" [stack: 0x00000045b8300000,0x00000045b8400000] [id=15652]
  0x0000016caf8052c0 GCTaskThread "GC Thread#1" [stack: 0x00000045b9600000,0x00000045b9700000] [id=15016]
  0x0000016caf805570 GCTaskThread "GC Thread#2" [stack: 0x00000045b9700000,0x00000045b9800000] [id=1488]
  0x0000016caf821570 GCTaskThread "GC Thread#3" [stack: 0x00000045b9800000,0x00000045b9900000] [id=16372]
  0x0000016caf821820 GCTaskThread "GC Thread#4" [stack: 0x00000045b9900000,0x00000045b9a00000] [id=13656]
  0x0000016cae47e870 GCTaskThread "GC Thread#5" [stack: 0x00000045b9a00000,0x00000045b9b00000] [id=6640]
  0x0000016cae47eb20 GCTaskThread "GC Thread#6" [stack: 0x00000045b9b00000,0x00000045b9c00000] [id=13520]
  0x0000016caf85e840 GCTaskThread "GC Thread#7" [stack: 0x00000045b9c00000,0x00000045b9d00000] [id=15348]
  0x0000016ca2aef0a0 ConcurrentGCThread "G1 Main Marker" [stack: 0x00000045b8400000,0x00000045b8500000] [id=19400]
  0x0000016ca2aef9b0 ConcurrentGCThread "G1 Conc#0" [stack: 0x00000045b8500000,0x00000045b8600000] [id=19316]
  0x0000016cafaf2180 ConcurrentGCThread "G1 Conc#1" [stack: 0x00000045b9f00000,0x00000045ba000000] [id=13372]
  0x0000016ca2b68e80 ConcurrentGCThread "G1 Refine#0" [stack: 0x00000045b8600000,0x00000045b8700000] [id=18268]
  0x0000016cb0443c30 ConcurrentGCThread "G1 Refine#1" [stack: 0x00000045bb800000,0x00000045bb900000] [id=17112]
  0x0000016cb0191010 ConcurrentGCThread "G1 Refine#2" [stack: 0x00000045bb900000,0x00000045bba00000] [id=15400]
  0x0000016cb23b2780 ConcurrentGCThread "G1 Refine#3" [stack: 0x00000045bba00000,0x00000045bbb00000] [id=15632]
  0x0000016cb237f6e0 ConcurrentGCThread "G1 Refine#4" [stack: 0x00000045bbb00000,0x00000045bbc00000] [id=14292]
  0x0000016cb0627ed0 ConcurrentGCThread "G1 Refine#5" [stack: 0x00000045ba900000,0x00000045baa00000] [id=9452]
  0x0000016cb0628490 ConcurrentGCThread "G1 Refine#6" [stack: 0x00000045baa00000,0x00000045bab00000] [id=5664]
  0x0000016cb0627bf0 ConcurrentGCThread "G1 Refine#7" [stack: 0x00000045bab00000,0x00000045bac00000] [id=8288]
  0x0000016ca2b697a0 ConcurrentGCThread "G1 Service" [stack: 0x00000045b8700000,0x00000045b8800000] [id=6676]

Threads with active compile tasks:

VM state: at safepoint (normal execution)

VM Mutex/Monitor currently owned by a thread:  ([mutex/lock_event])
[0x0000016ca08bd950] Threads_lock - owner thread: 0x0000016cad8ac200
[0x0000016ca097cf80] Heap_lock - owner thread: 0x0000016cb011e4d0

Heap address: 0x00000000c0000000, size: 1024 MB, Compressed Oops mode: 32-bit

CDS archive(s) not mapped
Compressed class space mapped at: 0x0000000100000000-0x0000000140000000, reserved size: 1073741824
Narrow klass base: 0x0000000000000000, Narrow klass shift: 3, Narrow klass range: 0x140000000

GC Precious Log:
 CPUs: 8 total, 8 available
 Memory: 8043M
 Large Page Support: Disabled
 NUMA Support: Disabled
 Compressed Oops: Enabled (32-bit)
 Heap Region Size: 1M
 Heap Min Capacity: 8M
 Heap Initial Capacity: 126M
 Heap Max Capacity: 1G
 Pre-touch: Disabled
 Parallel Workers: 8
 Concurrent Workers: 2
 Concurrent Refinement Workers: 8
 Periodic GC: Disabled

Heap:
 garbage-first heap   total 122880K, used 40454K [0x00000000c0000000, 0x0000000100000000)
  region size 1024K, 1 young (1024K), 0 survivors (0K)
 Metaspace       used 69662K, committed 70208K, reserved 1114112K
  class space    used 9494K, committed 9728K, reserved 1048576K

Heap Regions: E=young(eden), S=young(survivor), O=old, HS=humongous(starts), HC=humongous(continues), CS=collection set, F=free, OA=open archive, CA=closed archive, TAMS=top-at-mark-start (previous, next)
|   0|0x00000000c0000000, 0x00000000c0100000, 0x00000000c0100000|100%| O|  |TAMS 0x00000000c0100000, 0x00000000c0000000| Untracked 
|   1|0x00000000c0100000, 0x00000000c0200000, 0x00000000c0200000|100%| O|  |TAMS 0x00000000c0200000, 0x00000000c0100000| Untracked 
|   2|0x00000000c0200000, 0x00000000c02fffe8, 0x00000000c0300000| 99%| O|  |TAMS 0x00000000c02fffe8, 0x00000000c0200000| Untracked 
|   3|0x00000000c0300000, 0x00000000c03ffff8, 0x00000000c0400000| 99%| O|  |TAMS 0x00000000c03ffff8, 0x00000000c0300000| Untracked 
|   4|0x00000000c0400000, 0x00000000c04ffff8, 0x00000000c0500000| 99%| O|  |TAMS 0x00000000c04ffff8, 0x00000000c0400000| Untracked 
|   5|0x00000000c0500000, 0x00000000c05ffff8, 0x00000000c0600000| 99%| O|  |TAMS 0x00000000c05ffff8, 0x00000000c0500000| Untracked 
|   6|0x00000000c0600000, 0x00000000c0700000, 0x00000000c0700000|100%| O|  |TAMS 0x00000000c0700000, 0x00000000c0600000| Untracked 
|   7|0x00000000c0700000, 0x00000000c07fae28, 0x00000000c0800000| 98%| O|  |TAMS 0x00000000c07fae28, 0x00000000c0700000| Untracked 
|   8|0x00000000c0800000, 0x00000000c08fff90, 0x00000000c0900000| 99%| O|  |TAMS 0x00000000c08fff90, 0x00000000c0800000| Untracked 
|   9|0x00000000c0900000, 0x00000000c09ffff8, 0x00000000c0a00000| 99%| O|  |TAMS 0x00000000c09ffff8, 0x00000000c0900000| Untracked 
|  10|0x00000000c0a00000, 0x00000000c0affff8, 0x00000000c0b00000| 99%| O|  |TAMS 0x00000000c0affff8, 0x00000000c0a00000| Untracked 
|  11|0x00000000c0b00000, 0x00000000c0bfffe8, 0x00000000c0c00000| 99%| O|  |TAMS 0x00000000c0bfffe8, 0x00000000c0b00000| Untracked 
|  12|0x00000000c0c00000, 0x00000000c0cffff0, 0x00000000c0d00000| 99%| O|  |TAMS 0x00000000c0cffff0, 0x00000000c0c00000| Untracked 
|  13|0x00000000c0d00000, 0x00000000c0dfff08, 0x00000000c0e00000| 99%| O|  |TAMS 0x00000000c0dfff08, 0x00000000c0d00000| Untracked 
|  14|0x00000000c0e00000, 0x00000000c0effff0, 0x00000000c0f00000| 99%| O|  |TAMS 0x00000000c0effff0, 0x00000000c0e00000| Untracked 
|  15|0x00000000c0f00000, 0x00000000c0ffffc8, 0x00000000c1000000| 99%| O|  |TAMS 0x00000000c0ffffc8, 0x00000000c0f00000| Untracked 
|  16|0x00000000c1000000, 0x00000000c10f5ce8, 0x00000000c1100000| 96%| O|  |TAMS 0x00000000c10f5ce8, 0x00000000c1000000| Untracked 
|  17|0x00000000c1100000, 0x00000000c11fec10, 0x00000000c1200000| 99%| O|  |TAMS 0x00000000c11fec10, 0x00000000c1100000| Untracked 
|  18|0x00000000c1200000, 0x00000000c12ffff8, 0x00000000c1300000| 99%| O|  |TAMS 0x00000000c12ffff8, 0x00000000c1200000| Untracked 
|  19|0x00000000c1300000, 0x00000000c13fffe8, 0x00000000c1400000| 99%| O|  |TAMS 0x00000000c13fffe8, 0x00000000c1300000| Untracked 
|  20|0x00000000c1400000, 0x00000000c14fffd0, 0x00000000c1500000| 99%| O|  |TAMS 0x00000000c14fffd0, 0x00000000c1400000| Untracked 
|  21|0x00000000c1500000, 0x00000000c15f48d8, 0x00000000c1600000| 95%| O|  |TAMS 0x00000000c15f48d8, 0x00000000c1500000| Untracked 
|  22|0x00000000c1600000, 0x00000000c16fffe8, 0x00000000c1700000| 99%| O|  |TAMS 0x00000000c16fffe8, 0x00000000c1600000| Untracked 
|  23|0x00000000c1700000, 0x00000000c17fff18, 0x00000000c1800000| 99%| O|  |TAMS 0x00000000c17fff18, 0x00000000c1700000| Untracked 
|  24|0x00000000c1800000, 0x00000000c1900000, 0x00000000c1900000|100%| O|  |TAMS 0x00000000c1900000, 0x00000000c1800000| Untracked 
|  25|0x00000000c1900000, 0x00000000c19fdc40, 0x00000000c1a00000| 99%| O|  |TAMS 0x00000000c19fdc40, 0x00000000c1900000| Untracked 
|  26|0x00000000c1a00000, 0x00000000c1affff8, 0x00000000c1b00000| 99%| O|  |TAMS 0x00000000c1affff8, 0x00000000c1a00000| Untracked 
|  27|0x00000000c1b00000, 0x00000000c1bff830, 0x00000000c1c00000| 99%| O|  |TAMS 0x00000000c1bff830, 0x00000000c1b00000| Untracked 
|  28|0x00000000c1c00000, 0x00000000c1d00000, 0x00000000c1d00000|100%| O|  |TAMS 0x00000000c1d00000, 0x00000000c1c00000| Untracked 
|  29|0x00000000c1d00000, 0x00000000c1e00000, 0x00000000c1e00000|100%| O|  |TAMS 0x00000000c1e00000, 0x00000000c1d00000| Untracked 
|  30|0x00000000c1e00000, 0x00000000c1effff8, 0x00000000c1f00000| 99%| O|  |TAMS 0x00000000c1effff8, 0x00000000c1e00000| Untracked 
|  31|0x00000000c1f00000, 0x00000000c2000000, 0x00000000c2000000|100%| O|  |TAMS 0x00000000c2000000, 0x00000000c1f00000| Untracked 
|  32|0x00000000c2000000, 0x00000000c20ffff0, 0x00000000c2100000| 99%| O|  |TAMS 0x00000000c20ffff0, 0x00000000c2000000| Untracked 
|  33|0x00000000c2100000, 0x00000000c21d6280, 0x00000000c2200000| 83%| O|  |TAMS 0x00000000c2100000, 0x00000000c2100000| Untracked 
|  34|0x00000000c2200000, 0x00000000c22ffff8, 0x00000000c2300000| 99%| O|  |TAMS 0x00000000c22ffff8, 0x00000000c2200000| Untracked 
|  35|0x00000000c2300000, 0x00000000c23fbc88, 0x00000000c2400000| 98%| O|  |TAMS 0x00000000c23fbc88, 0x00000000c2300000| Untracked 
|  36|0x00000000c2400000, 0x00000000c24ceaa0, 0x00000000c2500000| 80%| O|  |TAMS 0x00000000c2400000, 0x00000000c2400000| Untracked 
|  37|0x00000000c2500000, 0x00000000c25ffff8, 0x00000000c2600000| 99%| O|  |TAMS 0x00000000c25ffff8, 0x00000000c2500000| Untracked 
|  38|0x00000000c2600000, 0x00000000c26fffe8, 0x00000000c2700000| 99%| O|  |TAMS 0x00000000c26fffe8, 0x00000000c2600000| Untracked 
|  39|0x00000000c2700000, 0x00000000c27ffff8, 0x00000000c2800000| 99%| O|  |TAMS 0x00000000c27ffff8, 0x00000000c2700000| Untracked 
|  40|0x00000000c2800000, 0x00000000c2800000, 0x00000000c2900000|  0%| F|  |TAMS 0x00000000c2800000, 0x00000000c2800000| Untracked 
|  41|0x00000000c2900000, 0x00000000c2900000, 0x00000000c2a00000|  0%| F|  |TAMS 0x00000000c2900000, 0x00000000c2900000| Untracked 
|  42|0x00000000c2a00000, 0x00000000c2a00000, 0x00000000c2b00000|  0%| F|  |TAMS 0x00000000c2a00000, 0x00000000c2a00000| Untracked 
|  43|0x00000000c2b00000, 0x00000000c2b00000, 0x00000000c2c00000|  0%| F|  |TAMS 0x00000000c2b00000, 0x00000000c2b00000| Untracked 
|  44|0x00000000c2c00000, 0x00000000c2c00000, 0x00000000c2d00000|  0%| F|  |TAMS 0x00000000c2c00000, 0x00000000c2c00000| Untracked 
|  45|0x00000000c2d00000, 0x00000000c2d00000, 0x00000000c2e00000|  0%| F|  |TAMS 0x00000000c2d00000, 0x00000000c2d00000| Untracked 
|  46|0x00000000c2e00000, 0x00000000c2e00000, 0x00000000c2f00000|  0%| F|  |TAMS 0x00000000c2e00000, 0x00000000c2e00000| Untracked 
|  47|0x00000000c2f00000, 0x00000000c2f00000, 0x00000000c3000000|  0%| F|  |TAMS 0x00000000c2f00000, 0x00000000c2f00000| Untracked 
|  48|0x00000000c3000000, 0x00000000c3000000, 0x00000000c3100000|  0%| F|  |TAMS 0x00000000c3000000, 0x00000000c3000000| Untracked 
|  49|0x00000000c3100000, 0x00000000c3100000, 0x00000000c3200000|  0%| F|  |TAMS 0x00000000c3100000, 0x00000000c3100000| Untracked 
|  50|0x00000000c3200000, 0x00000000c3200000, 0x00000000c3300000|  0%| F|  |TAMS 0x00000000c3200000, 0x00000000c3200000| Untracked 
|  51|0x00000000c3300000, 0x00000000c3300000, 0x00000000c3400000|  0%| F|  |TAMS 0x00000000c3300000, 0x00000000c3300000| Untracked 
|  52|0x00000000c3400000, 0x00000000c3400000, 0x00000000c3500000|  0%| F|  |TAMS 0x00000000c3400000, 0x00000000c3400000| Untracked 
|  53|0x00000000c3500000, 0x00000000c3500000, 0x00000000c3600000|  0%| F|  |TAMS 0x00000000c3500000, 0x00000000c3500000| Untracked 
|  54|0x00000000c3600000, 0x00000000c3600000, 0x00000000c3700000|  0%| F|  |TAMS 0x00000000c3600000, 0x00000000c3600000| Untracked 
|  55|0x00000000c3700000, 0x00000000c3700000, 0x00000000c3800000|  0%| F|  |TAMS 0x00000000c3700000, 0x00000000c3700000| Untracked 
|  56|0x00000000c3800000, 0x00000000c3800000, 0x00000000c3900000|  0%| F|  |TAMS 0x00000000c3800000, 0x00000000c3800000| Untracked 
|  57|0x00000000c3900000, 0x00000000c3900000, 0x00000000c3a00000|  0%| F|  |TAMS 0x00000000c3900000, 0x00000000c3900000| Untracked 
|  58|0x00000000c3a00000, 0x00000000c3a00000, 0x00000000c3b00000|  0%| F|  |TAMS 0x00000000c3a00000, 0x00000000c3a00000| Untracked 
|  59|0x00000000c3b00000, 0x00000000c3b00000, 0x00000000c3c00000|  0%| F|  |TAMS 0x00000000c3b00000, 0x00000000c3b00000| Untracked 
|  60|0x00000000c3c00000, 0x00000000c3c00000, 0x00000000c3d00000|  0%| F|  |TAMS 0x00000000c3c00000, 0x00000000c3c00000| Untracked 
|  61|0x00000000c3d00000, 0x00000000c3d00000, 0x00000000c3e00000|  0%| F|  |TAMS 0x00000000c3d00000, 0x00000000c3d00000| Untracked 
|  62|0x00000000c3e00000, 0x00000000c3e00000, 0x00000000c3f00000|  0%| F|  |TAMS 0x00000000c3e00000, 0x00000000c3e00000| Untracked 
|  63|0x00000000c3f00000, 0x00000000c3f00000, 0x00000000c4000000|  0%| F|  |TAMS 0x00000000c3f00000, 0x00000000c3f00000| Untracked 
|  64|0x00000000c4000000, 0x00000000c4000000, 0x00000000c4100000|  0%| F|  |TAMS 0x00000000c4000000, 0x00000000c4000000| Untracked 
|  65|0x00000000c4100000, 0x00000000c4100000, 0x00000000c4200000|  0%| F|  |TAMS 0x00000000c4100000, 0x00000000c4100000| Untracked 
|  66|0x00000000c4200000, 0x00000000c4200000, 0x00000000c4300000|  0%| F|  |TAMS 0x00000000c4200000, 0x00000000c4200000| Untracked 
|  67|0x00000000c4300000, 0x00000000c4300000, 0x00000000c4400000|  0%| F|  |TAMS 0x00000000c4300000, 0x00000000c4300000| Untracked 
|  68|0x00000000c4400000, 0x00000000c4400000, 0x00000000c4500000|  0%| F|  |TAMS 0x00000000c4400000, 0x00000000c4400000| Untracked 
|  69|0x00000000c4500000, 0x00000000c4500000, 0x00000000c4600000|  0%| F|  |TAMS 0x00000000c4500000, 0x00000000c4500000| Untracked 
|  70|0x00000000c4600000, 0x00000000c4600000, 0x00000000c4700000|  0%| F|  |TAMS 0x00000000c4600000, 0x00000000c4600000| Untracked 
|  71|0x00000000c4700000, 0x00000000c4700000, 0x00000000c4800000|  0%| F|  |TAMS 0x00000000c4700000, 0x00000000c4700000| Untracked 
|  72|0x00000000c4800000, 0x00000000c4800000, 0x00000000c4900000|  0%| F|  |TAMS 0x00000000c4800000, 0x00000000c4800000| Untracked 
|  73|0x00000000c4900000, 0x00000000c4900000, 0x00000000c4a00000|  0%| F|  |TAMS 0x00000000c4900000, 0x00000000c4900000| Untracked 
|  74|0x00000000c4a00000, 0x00000000c4a00000, 0x00000000c4b00000|  0%| F|  |TAMS 0x00000000c4a00000, 0x00000000c4a00000| Untracked 
|  75|0x00000000c4b00000, 0x00000000c4b00000, 0x00000000c4c00000|  0%| F|  |TAMS 0x00000000c4b00000, 0x00000000c4b00000| Untracked 
|  76|0x00000000c4c00000, 0x00000000c4c00000, 0x00000000c4d00000|  0%| F|  |TAMS 0x00000000c4c00000, 0x00000000c4c00000| Untracked 
|  77|0x00000000c4d00000, 0x00000000c4d00000, 0x00000000c4e00000|  0%| F|  |TAMS 0x00000000c4d00000, 0x00000000c4d00000| Untracked 
|  78|0x00000000c4e00000, 0x00000000c4e00000, 0x00000000c4f00000|  0%| F|  |TAMS 0x00000000c4e00000, 0x00000000c4e00000| Untracked 
|  79|0x00000000c4f00000, 0x00000000c4f00000, 0x00000000c5000000|  0%| F|  |TAMS 0x00000000c4f00000, 0x00000000c4f00000| Untracked 
|  80|0x00000000c5000000, 0x00000000c5000000, 0x00000000c5100000|  0%| F|  |TAMS 0x00000000c5000000, 0x00000000c5000000| Untracked 
|  81|0x00000000c5100000, 0x00000000c5100000, 0x00000000c5200000|  0%| F|  |TAMS 0x00000000c5100000, 0x00000000c5100000| Untracked 
|  82|0x00000000c5200000, 0x00000000c5200000, 0x00000000c5300000|  0%| F|  |TAMS 0x00000000c5200000, 0x00000000c5200000| Untracked 
|  83|0x00000000c5300000, 0x00000000c5300000, 0x00000000c5400000|  0%| F|  |TAMS 0x00000000c5300000, 0x00000000c5300000| Untracked 
|  84|0x00000000c5400000, 0x00000000c5400000, 0x00000000c5500000|  0%| F|  |TAMS 0x00000000c5400000, 0x00000000c5400000| Untracked 
|  85|0x00000000c5500000, 0x00000000c5500000, 0x00000000c5600000|  0%| F|  |TAMS 0x00000000c5500000, 0x00000000c5500000| Untracked 
|  86|0x00000000c5600000, 0x00000000c5600000, 0x00000000c5700000|  0%| F|  |TAMS 0x00000000c5600000, 0x00000000c5600000| Untracked 
|  87|0x00000000c5700000, 0x00000000c5700000, 0x00000000c5800000|  0%| F|  |TAMS 0x00000000c5700000, 0x00000000c5700000| Untracked 
|  88|0x00000000c5800000, 0x00000000c5800000, 0x00000000c5900000|  0%| F|  |TAMS 0x00000000c5800000, 0x00000000c5800000| Untracked 
|  89|0x00000000c5900000, 0x00000000c5900000, 0x00000000c5a00000|  0%| F|  |TAMS 0x00000000c5900000, 0x00000000c5900000| Untracked 
|  90|0x00000000c5a00000, 0x00000000c5a00000, 0x00000000c5b00000|  0%| F|  |TAMS 0x00000000c5a00000, 0x00000000c5a00000| Untracked 
|  91|0x00000000c5b00000, 0x00000000c5b00000, 0x00000000c5c00000|  0%| F|  |TAMS 0x00000000c5b00000, 0x00000000c5b00000| Untracked 
|  92|0x00000000c5c00000, 0x00000000c5c00000, 0x00000000c5d00000|  0%| F|  |TAMS 0x00000000c5c00000, 0x00000000c5c00000| Untracked 
|  93|0x00000000c5d00000, 0x00000000c5d00000, 0x00000000c5e00000|  0%| F|  |TAMS 0x00000000c5d00000, 0x00000000c5d00000| Untracked 
|  94|0x00000000c5e00000, 0x00000000c5e00000, 0x00000000c5f00000|  0%| F|  |TAMS 0x00000000c5e00000, 0x00000000c5e00000| Untracked 
|  95|0x00000000c5f00000, 0x00000000c5f00000, 0x00000000c6000000|  0%| F|  |TAMS 0x00000000c5f00000, 0x00000000c5f00000| Untracked 
|  96|0x00000000c6000000, 0x00000000c6000000, 0x00000000c6100000|  0%| F|  |TAMS 0x00000000c6000000, 0x00000000c6000000| Untracked 
|  97|0x00000000c6100000, 0x00000000c6100000, 0x00000000c6200000|  0%| F|  |TAMS 0x00000000c6100000, 0x00000000c6100000| Untracked 
|  98|0x00000000c6200000, 0x00000000c6200000, 0x00000000c6300000|  0%| F|  |TAMS 0x00000000c6200000, 0x00000000c6200000| Untracked 
|  99|0x00000000c6300000, 0x00000000c6300000, 0x00000000c6400000|  0%| F|  |TAMS 0x00000000c6300000, 0x00000000c6300000| Untracked 
| 100|0x00000000c6400000, 0x00000000c6400000, 0x00000000c6500000|  0%| F|  |TAMS 0x00000000c6400000, 0x00000000c6400000| Untracked 
| 101|0x00000000c6500000, 0x00000000c6500000, 0x00000000c6600000|  0%| F|  |TAMS 0x00000000c6500000, 0x00000000c6500000| Untracked 
| 102|0x00000000c6600000, 0x00000000c6600000, 0x00000000c6700000|  0%| F|  |TAMS 0x00000000c6600000, 0x00000000c6600000| Untracked 
| 103|0x00000000c6700000, 0x00000000c6700000, 0x00000000c6800000|  0%| F|  |TAMS 0x00000000c6700000, 0x00000000c6700000| Untracked 
| 104|0x00000000c6800000, 0x00000000c6800000, 0x00000000c6900000|  0%| F|  |TAMS 0x00000000c6800000, 0x00000000c6800000| Untracked 
| 105|0x00000000c6900000, 0x00000000c6900000, 0x00000000c6a00000|  0%| F|  |TAMS 0x00000000c6900000, 0x00000000c6900000| Untracked 
| 106|0x00000000c6a00000, 0x00000000c6a00000, 0x00000000c6b00000|  0%| F|  |TAMS 0x00000000c6a00000, 0x00000000c6a00000| Untracked 
| 107|0x00000000c6b00000, 0x00000000c6b00000, 0x00000000c6c00000|  0%| F|  |TAMS 0x00000000c6b00000, 0x00000000c6b00000| Untracked 
| 108|0x00000000c6c00000, 0x00000000c6c00000, 0x00000000c6d00000|  0%| F|  |TAMS 0x00000000c6c00000, 0x00000000c6c00000| Untracked 
| 109|0x00000000c6d00000, 0x00000000c6d00000, 0x00000000c6e00000|  0%| F|  |TAMS 0x00000000c6d00000, 0x00000000c6d00000| Untracked 
| 110|0x00000000c6e00000, 0x00000000c6e00000, 0x00000000c6f00000|  0%| F|  |TAMS 0x00000000c6e00000, 0x00000000c6e00000| Untracked 
| 111|0x00000000c6f00000, 0x00000000c6f00000, 0x00000000c7000000|  0%| F|  |TAMS 0x00000000c6f00000, 0x00000000c6f00000| Untracked 
| 112|0x00000000c7000000, 0x00000000c7000000, 0x00000000c7100000|  0%| F|  |TAMS 0x00000000c7000000, 0x00000000c7000000| Untracked 
| 113|0x00000000c7100000, 0x00000000c7100000, 0x00000000c7200000|  0%| F|  |TAMS 0x00000000c7100000, 0x00000000c7100000| Untracked 
| 114|0x00000000c7200000, 0x00000000c7200000, 0x00000000c7300000|  0%| F|  |TAMS 0x00000000c7200000, 0x00000000c7200000| Untracked 
| 115|0x00000000c7300000, 0x00000000c7300000, 0x00000000c7400000|  0%| F|  |TAMS 0x00000000c7300000, 0x00000000c7300000| Untracked 
| 116|0x00000000c7400000, 0x00000000c7400000, 0x00000000c7500000|  0%| F|  |TAMS 0x00000000c7400000, 0x00000000c7400000| Untracked 
| 117|0x00000000c7500000, 0x00000000c7500000, 0x00000000c7600000|  0%| F|  |TAMS 0x00000000c7500000, 0x00000000c7500000| Untracked 
| 118|0x00000000c7600000, 0x00000000c7600000, 0x00000000c7700000|  0%| F|  |TAMS 0x00000000c7600000, 0x00000000c7600000| Untracked 
| 119|0x00000000c7700000, 0x00000000c7706260, 0x00000000c7800000|  2%| E|  |TAMS 0x00000000c7700000, 0x00000000c7700000| Complete 

Card table byte_map: [0x0000016ca8a40000,0x0000016ca8c40000] _byte_map_base: 0x0000016ca8440000

Marking Bits (Prev, Next): (CMBitMap*) 0x0000016ca2ae67b0, (CMBitMap*) 0x0000016ca2ae6770
 Prev Bits: [0x0000016ca9e40000, 0x0000016caae40000)
 Next Bits: [0x0000016ca8e40000, 0x0000016ca9e40000)

Polling page: 0x0000016ca2270000

Metaspace:

Usage:
  Non-class:     58.76 MB used.
      Class:      9.27 MB used.
       Both:     68.03 MB used.

Virtual space:
  Non-class space:       64.00 MB reserved,      59.06 MB ( 92%) committed,  8 nodes.
      Class space:        1.00 GB reserved,       9.50 MB ( <1%) committed,  1 nodes.
             Both:        1.06 GB reserved,      68.56 MB (  6%) committed. 

Chunk freelists:
   Non-Class:  579.00 KB
       Class:  2.40 MB
        Both:  2.96 MB

MaxMetaspaceSize: unlimited
CompressedClassSpaceSize: 1.00 GB
Initial GC threshold: 21.00 MB
Current GC threshold: 114.31 MB
CDS: off
MetaspaceReclaimPolicy: balanced
 - commit_granule_bytes: 65536.
 - commit_granule_words: 8192.
 - virtual_space_node_default_size: 1048576.
 - enlarge_chunks_in_place: 1.
 - new_chunks_are_fully_committed: 0.
 - uncommit_free_chunks: 1.
 - use_allocation_guard: 0.
 - handle_deallocations: 1.


Internal statistics:

num_allocs_failed_limit: 17.
num_arena_births: 814.
num_arena_deaths: 288.
num_vsnodes_births: 9.
num_vsnodes_deaths: 0.
num_space_committed: 1097.
num_space_uncommitted: 0.
num_chunks_returned_to_freelist: 376.
num_chunks_taken_from_freelist: 3179.
num_chunk_merges: 110.
num_chunk_splits: 2143.
num_chunks_enlarged: 1597.
num_purges: 18.
num_inconsistent_stats: 0.

CodeCache: size=49152Kb used=17117Kb max_used=18645Kb free=32034Kb
 bounds [0x0000016ca5730000, 0x0000016ca69d0000, 0x0000016ca8730000]
 total_blobs=10344 nmethods=9670 adapters=601
 compilation: enabled
              stopped_count=0, restarted_count=0
 full_count=0

Compilation events (20 events):
Event: 2919.871 Thread 0x0000016cad8f4100 9828       1       java.lang.invoke.LambdaForm$DMH/0x0000000100973000::newInvokeSpecial (23 bytes)
Event: 2919.871 Thread 0x0000016cad8f4100 nmethod 9828 0x0000016ca67c7e10 code [0x0000016ca67c7fc0, 0x0000016ca67c8148]
Event: 2919.871 Thread 0x0000016cad8f4100 9829       1       java.lang.ProcessImpl$$Lambda$1141/0x00000001006cfd30::<init> (10 bytes)
Event: 2919.871 Thread 0x0000016cad8f4100 nmethod 9829 0x0000016ca67c7b10 code [0x0000016ca67c7ca0, 0x0000016ca67c7d78]
Event: 2919.871 Thread 0x0000016cad8f4100 9831       1       java.lang.ProcessHandleImpl::getInternal (13 bytes)
Event: 2919.871 Thread 0x0000016cad8f4100 nmethod 9831 0x0000016ca67c7790 code [0x0000016ca67c7920, 0x0000016ca67c7a88]
Event: 2919.871 Thread 0x0000016cad8f4100 9832       1       java.lang.ProcessImpl$2::<init> (20 bytes)
Event: 2919.871 Thread 0x0000016cad8f4100 nmethod 9832 0x0000016ca67c7410 code [0x0000016ca67c75a0, 0x0000016ca67c7718]
Event: 2919.871 Thread 0x0000016cad8f4100 9833       1       java.lang.ProcessImpl$2::run (5 bytes)
Event: 2919.871 Thread 0x0000016cad8f4100 nmethod 9833 0x0000016ca67c7110 code [0x0000016ca67c72a0, 0x0000016ca67c7388]
Event: 2919.871 Thread 0x0000016cad8f4100 9834       1       java.lang.ProcessImpl$2::run (242 bytes)
Event: 2919.872 Thread 0x0000016cad8f4100 nmethod 9834 0x0000016ca67c5a90 code [0x0000016ca67c5d40, 0x0000016ca67c6ad8]
Event: 2919.964 Thread 0x0000016cad8f4100 9835   !   1       java.io.FilterOutputStream::close (183 bytes)
Event: 2920.002 Thread 0x0000016cad8f4100 nmethod 9835 0x0000016ca67c4910 code [0x0000016ca67c4b20, 0x0000016ca67c4ff8]
Event: 2920.002 Thread 0x0000016cad8f4100 9837       1       java.lang.ProcessImpl$$Lambda$1141/0x00000001006cfd30::run (8 bytes)
Event: 2920.002 Thread 0x0000016cad8f4100 nmethod 9837 0x0000016ca67c4610 code [0x0000016ca67c47a0, 0x0000016ca67c4888]
Event: 2920.002 Thread 0x0000016cad8f4100 9838       1       java.lang.ProcessImpl::lambda$new$0 (6 bytes)
Event: 2920.002 Thread 0x0000016cad8f4100 nmethod 9838 0x0000016ca67c4310 code [0x0000016ca67c44a0, 0x0000016ca67c4568]
Event: 4223.044 Thread 0x0000016cad8f4100 9840       1       java.lang.ProcessImpl::waitFor (136 bytes)
Event: 4223.050 Thread 0x0000016cad8f4100 nmethod 9840 0x0000016ca67c3690 code [0x0000016ca67c38a0, 0x0000016ca67c3cb8]

GC Heap History (20 events):
Event: 5732.075 GC heap before
{Heap before GC invocations=583 (full 531):
 garbage-first heap   total 122880K, used 40454K [0x00000000c0000000, 0x0000000100000000)
  region size 1024K, 1 young (1024K), 0 survivors (0K)
 Metaspace       used 69662K, committed 70208K, reserved 1114112K
  class space    used 9494K, committed 9728K, reserved 1048576K
}
Event: 5732.124 GC heap after
{Heap after GC invocations=584 (full 532):
 garbage-first heap   total 122880K, used 40454K [0x00000000c0000000, 0x0000000100000000)
  region size 1024K, 0 young (0K), 0 survivors (0K)
 Metaspace       used 69662K, committed 70208K, reserved 1114112K
  class space    used 9494K, committed 9728K, reserved 1048576K
}
Event: 5742.304 GC heap before
{Heap before GC invocations=584 (full 532):
 garbage-first heap   total 122880K, used 40454K [0x00000000c0000000, 0x0000000100000000)
  region size 1024K, 1 young (1024K), 0 survivors (0K)
 Metaspace       used 69662K, committed 70208K, reserved 1114112K
  class space    used 9494K, committed 9728K, reserved 1048576K
}
Event: 5742.355 GC heap after
{Heap after GC invocations=585 (full 533):
 garbage-first heap   total 122880K, used 40454K [0x00000000c0000000, 0x0000000100000000)
  region size 1024K, 0 young (0K), 0 survivors (0K)
 Metaspace       used 69662K, committed 70208K, reserved 1114112K
  class space    used 9494K, committed 9728K, reserved 1048576K
}
Event: 5752.516 GC heap before
{Heap before GC invocations=585 (full 533):
 garbage-first heap   total 122880K, used 40454K [0x00000000c0000000, 0x0000000100000000)
  region size 1024K, 1 young (1024K), 0 survivors (0K)
 Metaspace       used 69662K, committed 70208K, reserved 1114112K
  class space    used 9494K, committed 9728K, reserved 1048576K
}
Event: 5752.558 GC heap after
{Heap after GC invocations=586 (full 534):
 garbage-first heap   total 122880K, used 40454K [0x00000000c0000000, 0x0000000100000000)
  region size 1024K, 0 young (0K), 0 survivors (0K)
 Metaspace       used 69662K, committed 70208K, reserved 1114112K
  class space    used 9494K, committed 9728K, reserved 1048576K
}
Event: 5762.690 GC heap before
{Heap before GC invocations=586 (full 534):
 garbage-first heap   total 122880K, used 40454K [0x00000000c0000000, 0x0000000100000000)
  region size 1024K, 1 young (1024K), 0 survivors (0K)
 Metaspace       used 69662K, committed 70208K, reserved 1114112K
  class space    used 9494K, committed 9728K, reserved 1048576K
}
Event: 5762.743 GC heap after
{Heap after GC invocations=587 (full 535):
 garbage-first heap   total 122880K, used 40454K [0x00000000c0000000, 0x0000000100000000)
  region size 1024K, 0 young (0K), 0 survivors (0K)
 Metaspace       used 69662K, committed 70208K, reserved 1114112K
  class space    used 9494K, committed 9728K, reserved 1048576K
}
Event: 5772.877 GC heap before
{Heap before GC invocations=587 (full 535):
 garbage-first heap   total 122880K, used 40454K [0x00000000c0000000, 0x0000000100000000)
  region size 1024K, 1 young (1024K), 0 survivors (0K)
 Metaspace       used 69662K, committed 70208K, reserved 1114112K
  class space    used 9494K, committed 9728K, reserved 1048576K
}
Event: 5772.923 GC heap after
{Heap after GC invocations=588 (full 536):
 garbage-first heap   total 122880K, used 40454K [0x00000000c0000000, 0x0000000100000000)
  region size 1024K, 0 young (0K), 0 survivors (0K)
 Metaspace       used 69662K, committed 70208K, reserved 1114112K
  class space    used 9494K, committed 9728K, reserved 1048576K
}
Event: 5783.138 GC heap before
{Heap before GC invocations=588 (full 536):
 garbage-first heap   total 122880K, used 40454K [0x00000000c0000000, 0x0000000100000000)
  region size 1024K, 1 young (1024K), 0 survivors (0K)
 Metaspace       used 69662K, committed 70208K, reserved 1114112K
  class space    used 9494K, committed 9728K, reserved 1048576K
}
Event: 5783.182 GC heap after
{Heap after GC invocations=589 (full 537):
 garbage-first heap   total 122880K, used 40454K [0x00000000c0000000, 0x0000000100000000)
  region size 1024K, 0 young (0K), 0 survivors (0K)
 Metaspace       used 69662K, committed 70208K, reserved 1114112K
  class space    used 9494K, committed 9728K, reserved 1048576K
}
Event: 5793.352 GC heap before
{Heap before GC invocations=589 (full 537):
 garbage-first heap   total 122880K, used 40454K [0x00000000c0000000, 0x0000000100000000)
  region size 1024K, 1 young (1024K), 0 survivors (0K)
 Metaspace       used 69662K, committed 70208K, reserved 1114112K
  class space    used 9494K, committed 9728K, reserved 1048576K
}
Event: 5793.393 GC heap after
{Heap after GC invocations=590 (full 538):
 garbage-first heap   total 122880K, used 40454K [0x00000000c0000000, 0x0000000100000000)
  region size 1024K, 0 young (0K), 0 survivors (0K)
 Metaspace       used 69662K, committed 70208K, reserved 1114112K
  class space    used 9494K, committed 9728K, reserved 1048576K
}
Event: 5803.563 GC heap before
{Heap before GC invocations=590 (full 538):
 garbage-first heap   total 122880K, used 40454K [0x00000000c0000000, 0x0000000100000000)
  region size 1024K, 1 young (1024K), 0 survivors (0K)
 Metaspace       used 69662K, committed 70208K, reserved 1114112K
  class space    used 9494K, committed 9728K, reserved 1048576K
}
Event: 5803.609 GC heap after
{Heap after GC invocations=591 (full 539):
 garbage-first heap   total 122880K, used 40454K [0x00000000c0000000, 0x0000000100000000)
  region size 1024K, 0 young (0K), 0 survivors (0K)
 Metaspace       used 69662K, committed 70208K, reserved 1114112K
  class space    used 9494K, committed 9728K, reserved 1048576K
}
Event: 5813.734 GC heap before
{Heap before GC invocations=591 (full 539):
 garbage-first heap   total 122880K, used 40454K [0x00000000c0000000, 0x0000000100000000)
  region size 1024K, 1 young (1024K), 0 survivors (0K)
 Metaspace       used 69662K, committed 70208K, reserved 1114112K
  class space    used 9494K, committed 9728K, reserved 1048576K
}
Event: 5813.776 GC heap after
{Heap after GC invocations=592 (full 540):
 garbage-first heap   total 122880K, used 40454K [0x00000000c0000000, 0x0000000100000000)
  region size 1024K, 0 young (0K), 0 survivors (0K)
 Metaspace       used 69662K, committed 70208K, reserved 1114112K
  class space    used 9494K, committed 9728K, reserved 1048576K
}
Event: 5823.896 GC heap before
{Heap before GC invocations=592 (full 540):
 garbage-first heap   total 122880K, used 40454K [0x00000000c0000000, 0x0000000100000000)
  region size 1024K, 1 young (1024K), 0 survivors (0K)
 Metaspace       used 69662K, committed 70208K, reserved 1114112K
  class space    used 9494K, committed 9728K, reserved 1048576K
}
Event: 5823.942 GC heap after
{Heap after GC invocations=593 (full 541):
 garbage-first heap   total 122880K, used 40454K [0x00000000c0000000, 0x0000000100000000)
  region size 1024K, 0 young (0K), 0 survivors (0K)
 Metaspace       used 69662K, committed 70208K, reserved 1114112K
  class space    used 9494K, committed 9728K, reserved 1048576K
}

Dll operation events (10 events):
Event: 0.011 Loaded shared library c:\Users\asus\.vscode\extensions\redhat.java-1.16.0-win32-x64\jre\17.0.6-win32-x86_64\bin\java.dll
Event: 0.336 Loaded shared library C:\Users\asus\.vscode\extensions\redhat.java-1.16.0-win32-x64\jre\17.0.6-win32-x86_64\bin\net.dll
Event: 0.339 Loaded shared library C:\Users\asus\.vscode\extensions\redhat.java-1.16.0-win32-x64\jre\17.0.6-win32-x86_64\bin\nio.dll
Event: 0.637 Loaded shared library C:\Users\asus\.vscode\extensions\redhat.java-1.16.0-win32-x64\jre\17.0.6-win32-x86_64\bin\zip.dll
Event: 4.328 Loaded shared library C:\Users\asus\.vscode\extensions\redhat.java-1.16.0-win32-x64\jre\17.0.6-win32-x86_64\bin\jimage.dll
Event: 8.423 Loaded shared library C:\Users\asus\.vscode\extensions\redhat.java-1.16.0-win32-x64\jre\17.0.6-win32-x86_64\bin\management.dll
Event: 8.425 Loaded shared library C:\Users\asus\.vscode\extensions\redhat.java-1.16.0-win32-x64\jre\17.0.6-win32-x86_64\bin\management_ext.dll
Event: 11.852 Loaded shared library C:\Users\asus\.vscode\extensions\redhat.java-1.16.0-win32-x64\jre\17.0.6-win32-x86_64\bin\sunmscapi.dll
Event: 15.864 Loaded shared library c:\Users\asus\.vscode\extensions\redhat.java-1.16.0-win32-x64\jre\17.0.6-win32-x86_64\bin\verify.dll
Event: 17.765 Loaded shared library C:\Users\asus\AppData\Local\Temp\snappy-1.1.8-092c8b7a-eee2-4cc0-ab85-517c537a3361-snappyjava.dll

Deoptimization events (20 events):
Event: 10.980 Thread 0x0000016cb037b670 DEOPT PACKING pc=0x0000016ca59b488c sp=0x00000045bbffebe0
Event: 10.980 Thread 0x0000016cb037b670 DEOPT UNPACKING pc=0x0000016ca5787143 sp=0x00000045bbffe0a8 mode 0
Event: 15.901 Thread 0x0000016cb01dce20 DEOPT PACKING pc=0x0000016ca5cb4552 sp=0x00000045ba8fd310
Event: 15.901 Thread 0x0000016cb01dce20 DEOPT UNPACKING pc=0x0000016ca5787143 sp=0x00000045ba8fc818 mode 3
Event: 16.344 Thread 0x0000016cb01dce20 DEOPT PACKING pc=0x0000016ca65b4f74 sp=0x00000045ba8fe130
Event: 16.344 Thread 0x0000016cb01dce20 DEOPT UNPACKING pc=0x0000016ca5787143 sp=0x00000045ba8fd660 mode 0
Event: 16.345 Thread 0x0000016cb01dce20 DEOPT PACKING pc=0x0000016ca6557074 sp=0x00000045ba8fe430
Event: 16.345 Thread 0x0000016cb01dce20 DEOPT UNPACKING pc=0x0000016ca5787143 sp=0x00000045ba8fd928 mode 0
Event: 16.345 Thread 0x0000016cb01dce20 DEOPT PACKING pc=0x0000016ca64da9f4 sp=0x00000045ba8fe500
Event: 16.345 Thread 0x0000016cb01dce20 DEOPT UNPACKING pc=0x0000016ca5787143 sp=0x00000045ba8fd9d8 mode 0
Event: 16.345 Thread 0x0000016cb01dce20 DEOPT PACKING pc=0x0000016ca64d4824 sp=0x00000045ba8fe5b0
Event: 16.345 Thread 0x0000016cb01dce20 DEOPT UNPACKING pc=0x0000016ca5787143 sp=0x00000045ba8fdb30 mode 0
Event: 16.345 Thread 0x0000016cb01dce20 DEOPT PACKING pc=0x0000016ca65a40ac sp=0x00000045ba8fe8d0
Event: 16.345 Thread 0x0000016cb01dce20 DEOPT UNPACKING pc=0x0000016ca5787143 sp=0x00000045ba8fdd60 mode 0
Event: 252.749 Thread 0x0000016cb0153a40 DEOPT PACKING pc=0x0000016ca5d424d4 sp=0x00000045ba3ff130
Event: 252.749 Thread 0x0000016cb0153a40 DEOPT UNPACKING pc=0x0000016ca5787143 sp=0x00000045ba3fe5d8 mode 0
Event: 377.045 Thread 0x0000016cb037d820 DEOPT PACKING pc=0x0000016ca5c48eee sp=0x00000045bbcfe0e0
Event: 377.045 Thread 0x0000016cb037d820 DEOPT UNPACKING pc=0x0000016ca5787143 sp=0x00000045bbcfd5d8 mode 3
Event: 853.927 Thread 0x0000016cb037b1a0 DEOPT PACKING pc=0x0000016ca5859d3d sp=0x00000045b81fdaa0
Event: 853.927 Thread 0x0000016cb037b1a0 DEOPT UNPACKING pc=0x0000016ca5787143 sp=0x00000045b81fd008 mode 3

Classes unloaded (20 events):
Event: 918.787 Thread 0x0000016cad8ac200 Unloading class 0x0000000100990c00 'java/lang/invoke/LambdaForm$MH+0x0000000100990c00'
Event: 1029.034 Thread 0x0000016cad8ac200 Unloading class 0x0000000100824000 'java/lang/invoke/LambdaForm$MH+0x0000000100824000'
Event: 1029.034 Thread 0x0000016cad8ac200 Unloading class 0x0000000100630800 'java/lang/invoke/LambdaForm$MH+0x0000000100630800'
Event: 1029.034 Thread 0x0000016cad8ac200 Unloading class 0x0000000100536000 'java/lang/invoke/LambdaForm$MH+0x0000000100536000'
Event: 1029.034 Thread 0x0000016cad8ac200 Unloading class 0x0000000100088c00 'java/lang/invoke/LambdaForm$MH+0x0000000100088c00'
Event: 1029.034 Thread 0x0000016cad8ac200 Unloading class 0x0000000100088400 'java/lang/invoke/LambdaForm$MH+0x0000000100088400'
Event: 1029.034 Thread 0x0000016cad8ac200 Unloading class 0x00000001004e4000 'java/lang/invoke/LambdaForm$MH+0x00000001004e4000'
Event: 1029.034 Thread 0x0000016cad8ac200 Unloading class 0x00000001004bc000 'java/lang/invoke/LambdaForm$MH+0x00000001004bc000'
Event: 1029.034 Thread 0x0000016cad8ac200 Unloading class 0x000000010039e000 'java/lang/invoke/LambdaForm$MH+0x000000010039e000'
Event: 1029.034 Thread 0x0000016cad8ac200 Unloading class 0x0000000100374800 'java/lang/invoke/LambdaForm$MH+0x0000000100374800'
Event: 1039.163 Thread 0x0000016cad8ac200 Unloading class 0x0000000100992000 'java/lang/invoke/LambdaForm$MH+0x0000000100992000'
Event: 1039.163 Thread 0x0000016cad8ac200 Unloading class 0x0000000100991800 'java/lang/invoke/LambdaForm$MH+0x0000000100991800'
Event: 1039.163 Thread 0x0000016cad8ac200 Unloading class 0x0000000100991000 'java/lang/invoke/LambdaForm$MH+0x0000000100991000'
Event: 1049.316 Thread 0x0000016cad8ac200 Unloading class 0x0000000100535800 'java/lang/invoke/LambdaForm$MH+0x0000000100535800'
Event: 1049.316 Thread 0x0000016cad8ac200 Unloading class 0x0000000100534c00 'java/lang/invoke/LambdaForm$MH+0x0000000100534c00'
Event: 1049.316 Thread 0x0000016cad8ac200 Unloading class 0x000000010039c400 'java/lang/invoke/LambdaForm$MH+0x000000010039c400'
Event: 1049.316 Thread 0x0000016cad8ac200 Unloading class 0x0000000100360c00 'java/lang/invoke/LambdaForm$MH+0x0000000100360c00'
Event: 1049.316 Thread 0x0000016cad8ac200 Unloading class 0x000000010008b800 'java/lang/invoke/LambdaForm$MH+0x000000010008b800'
Event: 1049.316 Thread 0x0000016cad8ac200 Unloading class 0x000000010008a400 'java/lang/invoke/LambdaForm$MH+0x000000010008a400'
Event: 1049.316 Thread 0x0000016cad8ac200 Unloading class 0x0000000100858400 'java/lang/invoke/LambdaForm$MH+0x0000000100858400'

Classes redefined (0 events):
No events

Internal exceptions (20 events):
Event: 990.385 Thread 0x0000016cb037b1a0 Exception <a 'sun/nio/fs/WindowsException'{0x00000000c5f39f60}> (0x00000000c5f39f60) 
thrown [s\src\hotspot\share\prims\jni.cpp, line 516]
Event: 990.386 Thread 0x0000016cb037b1a0 Exception <a 'sun/nio/fs/WindowsException'{0x00000000c5f3a640}> (0x00000000c5f3a640) 
thrown [s\src\hotspot\share\prims\jni.cpp, line 516]
Event: 990.386 Thread 0x0000016cb037b1a0 Exception <a 'sun/nio/fs/WindowsException'{0x00000000c5f3a9c0}> (0x00000000c5f3a9c0) 
thrown [s\src\hotspot\share\prims\jni.cpp, line 516]
Event: 990.386 Thread 0x0000016cb037b1a0 Exception <a 'sun/nio/fs/WindowsException'{0x00000000c5f3b8f0}> (0x00000000c5f3b8f0) 
thrown [s\src\hotspot\share\prims\jni.cpp, line 516]
Event: 990.386 Thread 0x0000016cb037b1a0 Exception <a 'sun/nio/fs/WindowsException'{0x00000000c5f3bcb0}> (0x00000000c5f3bcb0) 
thrown [s\src\hotspot\share\prims\jni.cpp, line 516]
Event: 990.387 Thread 0x0000016cb037b1a0 Exception <a 'sun/nio/fs/WindowsException'{0x00000000c5f3c9f8}> (0x00000000c5f3c9f8) 
thrown [s\src\hotspot\share\prims\jni.cpp, line 516]
Event: 990.387 Thread 0x0000016cb037b1a0 Exception <a 'sun/nio/fs/WindowsException'{0x00000000c5f3d118}> (0x00000000c5f3d118) 
thrown [s\src\hotspot\share\prims\jni.cpp, line 516]
Event: 990.387 Thread 0x0000016cb037b1a0 Exception <a 'sun/nio/fs/WindowsException'{0x00000000c5f3d4b8}> (0x00000000c5f3d4b8) 
thrown [s\src\hotspot\share\prims\jni.cpp, line 516]
Event: 990.387 Thread 0x0000016cb037b1a0 Exception <a 'sun/nio/fs/WindowsException'{0x00000000c5f3e408}> (0x00000000c5f3e408) 
thrown [s\src\hotspot\share\prims\jni.cpp, line 516]
Event: 990.387 Thread 0x0000016cb037b1a0 Exception <a 'sun/nio/fs/WindowsException'{0x00000000c5f3e7e8}> (0x00000000c5f3e7e8) 
thrown [s\src\hotspot\share\prims\jni.cpp, line 516]
Event: 990.476 Thread 0x0000016cb037b1a0 Exception <a 'sun/nio/fs/WindowsException'{0x00000000c4eed1d0}> (0x00000000c4eed1d0) 
thrown [s\src\hotspot\share\prims\jni.cpp, line 516]
Event: 990.477 Thread 0x0000016cb037b1a0 Exception <a 'sun/nio/fs/WindowsException'{0x00000000c4eed8b0}> (0x00000000c4eed8b0) 
thrown [s\src\hotspot\share\prims\jni.cpp, line 516]
Event: 990.477 Thread 0x0000016cb037b1a0 Exception <a 'sun/nio/fs/WindowsException'{0x00000000c4eedc30}> (0x00000000c4eedc30) 
thrown [s\src\hotspot\share\prims\jni.cpp, line 516]
Event: 990.477 Thread 0x0000016cb037b1a0 Exception <a 'sun/nio/fs/WindowsException'{0x00000000c4eeeb60}> (0x00000000c4eeeb60) 
thrown [s\src\hotspot\share\prims\jni.cpp, line 516]
Event: 990.477 Thread 0x0000016cb037b1a0 Exception <a 'sun/nio/fs/WindowsException'{0x00000000c4eeef20}> (0x00000000c4eeef20) 
thrown [s\src\hotspot\share\prims\jni.cpp, line 516]
Event: 990.477 Thread 0x0000016cb037b1a0 Exception <a 'sun/nio/fs/WindowsException'{0x00000000c4eefc68}> (0x00000000c4eefc68) 
thrown [s\src\hotspot\share\prims\jni.cpp, line 516]
Event: 990.477 Thread 0x0000016cb037b1a0 Exception <a 'sun/nio/fs/WindowsException'{0x00000000c4ef0388}> (0x00000000c4ef0388) 
thrown [s\src\hotspot\share\prims\jni.cpp, line 516]
Event: 990.477 Thread 0x0000016cb037b1a0 Exception <a 'sun/nio/fs/WindowsException'{0x00000000c4ef0728}> (0x00000000c4ef0728) 
thrown [s\src\hotspot\share\prims\jni.cpp, line 516]
Event: 990.477 Thread 0x0000016cb037b1a0 Exception <a 'sun/nio/fs/WindowsException'{0x00000000c4ef1678}> (0x00000000c4ef1678) 
thrown [s\src\hotspot\share\prims\jni.cpp, line 516]
Event: 990.477 Thread 0x0000016cb037b1a0 Exception <a 'sun/nio/fs/WindowsException'{0x00000000c4ef1a58}> (0x00000000c4ef1a58) 
thrown [s\src\hotspot\share\prims\jni.cpp, line 516]

VM Operations (20 events):
Event: 5732.124 Executing VM operation: G1CollectFull done
Event: 5742.304 Executing VM operation: G1CollectFull
Event: 5742.355 Executing VM operation: G1CollectFull done
Event: 5752.516 Executing VM operation: G1CollectFull
Event: 5752.558 Executing VM operation: G1CollectFull done
Event: 5762.690 Executing VM operation: G1CollectFull
Event: 5762.743 Executing VM operation: G1CollectFull done
Event: 5772.877 Executing VM operation: G1CollectFull
Event: 5772.923 Executing VM operation: G1CollectFull done
Event: 5783.138 Executing VM operation: G1CollectFull
Event: 5783.182 Executing VM operation: G1CollectFull done
Event: 5793.351 Executing VM operation: G1CollectFull
Event: 5793.393 Executing VM operation: G1CollectFull done
Event: 5803.563 Executing VM operation: G1CollectFull
Event: 5803.609 Executing VM operation: G1CollectFull done
Event: 5813.734 Executing VM operation: G1CollectFull
Event: 5813.776 Executing VM operation: G1CollectFull done
Event: 5823.895 Executing VM operation: G1CollectFull
Event: 5823.942 Executing VM operation: G1CollectFull done
Event: 5834.004 Executing VM operation: G1CollectFull

Events (20 events):
Event: 924.460 loading class java/util/stream/ReduceOps$6ReducingSink done
Event: 924.460 loading class java/util/stream/ReferencePipeline$4$1
Event: 924.460 loading class java/util/stream/ReferencePipeline$4$1 done
Event: 924.470 Thread 0x0000016cafaaa8d0 Thread added: 0x0000016cafaaa8d0
Event: 924.567 Thread 0x0000016cb016f0a0 Thread added: 0x0000016cb016f0a0
Event: 924.567 Thread 0x0000016caeac7890 Thread added: 0x0000016caeac7890
Event: 930.477 Thread 0x0000016cb016f0a0 Thread exited: 0x0000016cb016f0a0
Event: 930.477 Thread 0x0000016caeac7890 Thread exited: 0x0000016caeac7890
Event: 930.477 Thread 0x0000016cafaaa8d0 Thread exited: 0x0000016cafaaa8d0
Event: 932.128 Thread 0x0000016cb0378b20 Thread exited: 0x0000016cb0378b20
Event: 946.060 Thread 0x0000016cb0376e40 Thread exited: 0x0000016cb0376e40
Event: 957.170 Thread 0x0000016caeac7890 Thread added: 0x0000016caeac7890
Event: 957.170 Thread 0x0000016cb016f0a0 Thread added: 0x0000016cb016f0a0
Event: 957.170 Thread 0x0000016cafadd6c0 Thread added: 0x0000016cafadd6c0
Event: 957.841 Thread 0x0000016cafadd6c0 Thread exited: 0x0000016cafadd6c0
Event: 958.489 Thread 0x0000016cb016f0a0 Thread exited: 0x0000016cb016f0a0
Event: 963.997 Thread 0x0000016caeac7890 Thread exited: 0x0000016caeac7890
Event: 1047.924 Thread 0x0000016cb0378650 Thread exited: 0x0000016cb0378650
Event: 1049.569 Thread 0x0000016cb037e690 Thread exited: 0x0000016cb037e690
Event: 1050.587 Thread 0x0000016cb0378ff0 Thread exited: 0x0000016cb0378ff0


Dynamic libraries:
0x00007ff70a890000 - 0x00007ff70a89e000 	c:\Users\asus\.vscode\extensions\redhat.java-1.16.0-win32-x64\jre\17.0.6-win32-x86_64\bin\java.exe
0x00007ffdb1610000 - 0x00007ffdb1805000 	C:\WINDOWS\SYSTEM32\ntdll.dll
0x00007ffdb1300000 - 0x00007ffdb13bd000 	C:\WINDOWS\System32\KERNEL32.DLL
0x00007ffdaf0f0000 - 0x00007ffdaf3bd000 	C:\WINDOWS\System32\KERNELBASE.dll
0x00007ffdaed50000 - 0x00007ffdaee50000 	C:\WINDOWS\System32\ucrtbase.dll
0x00007ffda9f70000 - 0x00007ffda9f89000 	c:\Users\asus\.vscode\extensions\redhat.java-1.16.0-win32-x64\jre\17.0.6-win32-x86_64\bin\VCRUNTIME140.dll
0x00007ffd968e0000 - 0x00007ffd968f7000 	c:\Users\asus\.vscode\extensions\redhat.java-1.16.0-win32-x64\jre\17.0.6-win32-x86_64\bin\jli.dll
0x00007ffdaf660000 - 0x00007ffdaf800000 	C:\WINDOWS\System32\USER32.dll
0x00007ffdaf520000 - 0x00007ffdaf542000 	C:\WINDOWS\System32\win32u.dll
0x00007ffdaf890000 - 0x00007ffdaf8ba000 	C:\WINDOWS\System32\GDI32.dll
0x00007ffd99130000 - 0x00007ffd993ca000 	C:\WINDOWS\WinSxS\amd64_microsoft.windows.common-controls_6595b64144ccf1df_6.0.19041.1110_none_60b5254171f9507e\COMCTL32.dll
0x00007ffdaf3c0000 - 0x00007ffdaf4cb000 	C:\WINDOWS\System32\gdi32full.dll
0x00007ffdaf5c0000 - 0x00007ffdaf65d000 	C:\WINDOWS\System32\msvcp_win.dll
0x00007ffdb13c0000 - 0x00007ffdb145e000 	C:\WINDOWS\System32\msvcrt.dll
0x00007ffdb1590000 - 0x00007ffdb15c0000 	C:\WINDOWS\System32\IMM32.DLL
0x00007ffd96bb0000 - 0x00007ffd96bbc000 	c:\Users\asus\.vscode\extensions\redhat.java-1.16.0-win32-x64\jre\17.0.6-win32-x86_64\bin\vcruntime140_1.dll
0x00007ffd765a0000 - 0x00007ffd76631000 	c:\Users\asus\.vscode\extensions\redhat.java-1.16.0-win32-x64\jre\17.0.6-win32-x86_64\bin\msvcp140.dll
0x00007ffd35e90000 - 0x00007ffd36ad7000 	c:\Users\asus\.vscode\extensions\redhat.java-1.16.0-win32-x64\jre\17.0.6-win32-x86_64\bin\server\jvm.dll
0x00007ffdb1250000 - 0x00007ffdb12fe000 	C:\WINDOWS\System32\ADVAPI32.dll
0x00007ffdb0290000 - 0x00007ffdb032c000 	C:\WINDOWS\System32\sechost.dll
0x00007ffdaf8c0000 - 0x00007ffdaf9e5000 	C:\WINDOWS\System32\RPCRT4.dll
0x00007ffd96940000 - 0x00007ffd96967000 	C:\WINDOWS\SYSTEM32\WINMM.dll
0x00007ffda9fb0000 - 0x00007ffda9fb9000 	C:\WINDOWS\SYSTEM32\WSOCK32.dll
0x00007ffda6c20000 - 0x00007ffda6c2a000 	C:\WINDOWS\SYSTEM32\VERSION.dll
0x00007ffdb0e40000 - 0x00007ffdb0eab000 	C:\WINDOWS\System32\WS2_32.dll
0x00007ffdad5e0000 - 0x00007ffdad5f2000 	C:\WINDOWS\SYSTEM32\kernel.appcore.dll
0x00007ffd96a90000 - 0x00007ffd96a9a000 	c:\Users\asus\.vscode\extensions\redhat.java-1.16.0-win32-x64\jre\17.0.6-win32-x86_64\bin\jimage.dll
0x00007ffdacb20000 - 0x00007ffdacd04000 	C:\WINDOWS\SYSTEM32\DBGHELP.DLL
0x00007ffd92460000 - 0x00007ffd9248c000 	C:\WINDOWS\SYSTEM32\dbgcore.DLL
0x00007ffdaf060000 - 0x00007ffdaf0e2000 	C:\WINDOWS\System32\bcryptPrimitives.dll
0x00007ffd8f230000 - 0x00007ffd8f255000 	c:\Users\asus\.vscode\extensions\redhat.java-1.16.0-win32-x64\jre\17.0.6-win32-x86_64\bin\java.dll
0x00007ffd8ea70000 - 0x00007ffd8ea88000 	c:\Users\asus\.vscode\extensions\redhat.java-1.16.0-win32-x64\jre\17.0.6-win32-x86_64\bin\zip.dll
0x00007ffdafa50000 - 0x00007ffdb0194000 	C:\WINDOWS\System32\SHELL32.dll
0x00007ffdacd10000 - 0x00007ffdad4a4000 	C:\WINDOWS\SYSTEM32\windows.storage.dll
0x00007ffdb0a30000 - 0x00007ffdb0d84000 	C:\WINDOWS\System32\combase.dll
0x00007ffdae780000 - 0x00007ffdae7ac000 	C:\WINDOWS\SYSTEM32\Wldp.dll
0x00007ffdb0d90000 - 0x00007ffdb0e3d000 	C:\WINDOWS\System32\SHCORE.dll
0x00007ffdaf9f0000 - 0x00007ffdafa45000 	C:\WINDOWS\System32\shlwapi.dll
0x00007ffdaec60000 - 0x00007ffdaec7f000 	C:\WINDOWS\SYSTEM32\profapi.dll
0x00007ffd8dd00000 - 0x00007ffd8dd19000 	C:\Users\asus\.vscode\extensions\redhat.java-1.16.0-win32-x64\jre\17.0.6-win32-x86_64\bin\net.dll
0x00007ffda6b10000 - 0x00007ffda6c1a000 	C:\WINDOWS\SYSTEM32\WINHTTP.dll
0x00007ffdae490000 - 0x00007ffdae4fa000 	C:\WINDOWS\system32\mswsock.dll
0x00007ffd849d0000 - 0x00007ffd849e5000 	C:\Users\asus\.vscode\extensions\redhat.java-1.16.0-win32-x64\jre\17.0.6-win32-x86_64\bin\nio.dll
0x00007ffdae6d0000 - 0x00007ffdae6e8000 	C:\WINDOWS\SYSTEM32\CRYPTSP.dll
0x00007ffdadd90000 - 0x00007ffdaddc4000 	C:\WINDOWS\system32\rsaenh.dll
0x00007ffdaed20000 - 0x00007ffdaed47000 	C:\WINDOWS\System32\bcrypt.dll
0x00007ffdaec20000 - 0x00007ffdaec4e000 	C:\WINDOWS\SYSTEM32\USERENV.dll
0x00007ffdae6f0000 - 0x00007ffdae6fc000 	C:\WINDOWS\SYSTEM32\CRYPTBASE.dll
0x00007ffdae160000 - 0x00007ffdae19b000 	C:\WINDOWS\SYSTEM32\IPHLPAPI.DLL
0x00007ffdb15c0000 - 0x00007ffdb15c8000 	C:\WINDOWS\System32\NSI.dll
0x00007ffda53e0000 - 0x00007ffda53f7000 	C:\WINDOWS\SYSTEM32\dhcpcsvc6.DLL
0x00007ffda5c70000 - 0x00007ffda5c8d000 	C:\WINDOWS\SYSTEM32\dhcpcsvc.DLL
0x00007ffdae1a0000 - 0x00007ffdae26b000 	C:\WINDOWS\SYSTEM32\DNSAPI.dll
0x00007ffd96550000 - 0x00007ffd96559000 	C:\Users\asus\.vscode\extensions\redhat.java-1.16.0-win32-x64\jre\17.0.6-win32-x86_64\bin\management.dll
0x00007ffd962b0000 - 0x00007ffd962bb000 	C:\Users\asus\.vscode\extensions\redhat.java-1.16.0-win32-x64\jre\17.0.6-win32-x86_64\bin\management_ext.dll
0x00007ffdb0280000 - 0x00007ffdb0288000 	C:\WINDOWS\System32\PSAPI.DLL
0x00007ffd96150000 - 0x00007ffd9615e000 	C:\Users\asus\.vscode\extensions\redhat.java-1.16.0-win32-x64\jre\17.0.6-win32-x86_64\bin\sunmscapi.dll
0x00007ffdaef00000 - 0x00007ffdaf056000 	C:\WINDOWS\System32\CRYPT32.dll
0x00007ffdae7f0000 - 0x00007ffdae817000 	C:\WINDOWS\SYSTEM32\ncrypt.dll
0x00007ffdae7b0000 - 0x00007ffdae7eb000 	C:\WINDOWS\SYSTEM32\NTASN1.dll
0x00007ffda5c30000 - 0x00007ffda5c3a000 	C:\Windows\System32\rasadhlp.dll
0x00007ffd9a670000 - 0x00007ffd9a6f0000 	C:\WINDOWS\System32\fwpuclnt.dll
0x00007ffd96700000 - 0x00007ffd96710000 	c:\Users\asus\.vscode\extensions\redhat.java-1.16.0-win32-x64\jre\17.0.6-win32-x86_64\bin\verify.dll
0x000000006c500000 - 0x000000006c5c7000 	C:\Users\asus\AppData\Local\Temp\snappy-1.1.8-092c8b7a-eee2-4cc0-ab85-517c537a3361-snappyjava.dll

dbghelp: loaded successfully - version: 4.0.5 - missing functions: none
symbol engine: initialized successfully - sym options: 0x614 - pdb path: .;c:\Users\asus\.vscode\extensions\redhat.java-1.16.0-win32-x64\jre\17.0.6-win32-x86_64\bin;C:\WINDOWS\SYSTEM32;C:\WINDOWS\WinSxS\amd64_microsoft.windows.common-controls_6595b64144ccf1df_6.0.19041.1110_none_60b5254171f9507e;c:\Users\asus\.vscode\extensions\redhat.java-1.16.0-win32-x64\jre\17.0.6-win32-x86_64\bin\server;C:\Users\asus\AppData\Local\Temp

VM Arguments:
jvm_args: -XX:+HeapDumpOnOutOfMemoryError -Xmx1024m -Dsts.lsp.client=vscode -Dsts.log.file=/dev/null -XX:TieredStopAtLevel=1 -Xlog:jni+resolve=off -Dspring.config.location=file:c:\Users\asus\.vscode\extensions\vmware.vscode-spring-boot-1.45.0\language-server\BOOT-INF\classes\application.properties 
java_command: org.springframework.ide.vscode.boot.app.BootLanguageServerBootApp
java_class_path (initial): c:\Users\asus\.vscode\extensions\vmware.vscode-spring-boot-1.45.0\language-server\BOOT-INF\classes;c:\Users\asus\.vscode\extensions\vmware.vscode-spring-boot-1.45.0\language-server\BOOT-INF\lib\annotations-24.0.1.jar;c:\Users\asus\.vscode\extensions\vmware.vscode-spring-boot-1.45.0\language-server\BOOT-INF\lib\ant-1.10.13.jar;c:\Users\asus\.vscode\extensions\vmware.vscode-spring-boot-1.45.0\language-server\BOOT-INF\lib\ant-launcher-1.10.13.jar;c:\Users\asus\.vscode\extensions\vmware.vscode-spring-boot-1.45.0\language-server\BOOT-INF\lib\antlr-runtime-3.5.3.jar;c:\Users\asus\.vscode\extensions\vmware.vscode-spring-boot-1.45.0\language-server\BOOT-INF\lib\antlr4-4.11.1.jar;c:\Users\asus\.vscode\extensions\vmware.vscode-spring-boot-1.45.0\language-server\BOOT-INF\lib\antlr4-runtime-4.11.1.jar;c:\Users\asus\.vscode\extensions\vmware.vscode-spring-boot-1.45.0\language-server\BOOT-INF\lib\asm-9.4.jar;c:\Users\asus\.vscode\extensions\vmware.vscode-spring-boot-1.45.0\language-server\BOOT-INF\lib\asm-analysis-9.4.jar;c:\Users\asus\.vscode\extensions\vmware.vscode-spring-boot-1.45.0\language-server\BOOT-INF\lib\asm-tree-9.4.jar;c:\Users\asus\.vscode\extensions\vmware.vscode-spring-boot-1.45.0\language-server\BOOT-INF\lib\asm-util-9.4.jar;c:\Users\asus\.vscode\extensions\vmware.vscode-spring-boot-1.45.0\language-server\BOOT-INF\lib\caffeine-3.1.2.jar;c:\Users\asus\.vscode\extensions\vmware.vscode-spring-boot-1.45.0\language-server\BOOT-INF\lib\checker-qual-3.12.0.jar;c:\Users\asus\.vscode\extensions\vmware.vscode-spring-boot-1.45.0\language-server\BOOT-INF\lib\classgraph-4.8.149.jar;c:\Users\asus\.vscode\extensions\vmware.vscode-spring-boot-1.45.0\language-server\BOOT-INF\lib\commons-codec-1.15.jar;c:\Users\asus\.vscode\extensions\vmware.vscode-spring-boot-1.45.0\language-server\BOOT-INF\lib\commons-compress-1.22.jar;c:\Users\asus\.vscode\extensions\vmware.vscode-spring-boot-1.45.0\language-server\BOOT-INF\lib\commons-io-2.4.jar;c:\Users\asus\.vsco
Launcher Type: SUN_STANDARD

[Global flags]
     intx CICompilerCount                          = 4                                         {product} {ergonomic}
     uint ConcGCThreads                            = 2                                         {product} {ergonomic}
     uint G1ConcRefinementThreads                  = 8                                         {product} {ergonomic}
   size_t G1HeapRegionSize                         = 1048576                                   {product} {ergonomic}
    uintx GCDrainStackTargetSize                   = 64                                        {product} {ergonomic}
     bool HeapDumpOnOutOfMemoryError               = true                                   {manageable} {command line}
   size_t InitialHeapSize                          = 132120576                                 {product} {ergonomic}
   size_t MarkStackSize                            = 4194304                                   {product} {ergonomic}
   size_t MaxHeapSize                              = 1073741824                                {product} {command line}
   size_t MaxNewSize                               = 643825664                                 {product} {ergonomic}
   size_t MinHeapDeltaBytes                        = 1048576                                   {product} {ergonomic}
   size_t MinHeapSize                              = 8388608                                   {product} {ergonomic}
    uintx NonProfiledCodeHeapSize                  = 0                                      {pd product} {ergonomic}
     bool ProfileInterpreter                       = false                                  {pd product} {command line}
    uintx ProfiledCodeHeapSize                     = 0                                      {pd product} {ergonomic}
   size_t SoftMaxHeapSize                          = 1073741824                             {manageable} {ergonomic}
     intx TieredStopAtLevel                        = 1                                         {product} {command line}
     bool UseCompressedClassPointers               = true                           {product lp64_product} {ergonomic}
     bool UseCompressedOops                        = true                           {product lp64_product} {ergonomic}
     bool UseG1GC                                  = true                                      {product} {ergonomic}
     bool UseLargePagesIndividualAllocation        = false                                  {pd product} {ergonomic}

Logging:
Log output configuration:
 #0: stdout all=warning,jni+resolve=off uptime,level,tags
 #1: stderr all=off uptime,level,tags

Environment Variables:
JAVA_HOME=C:\Program Files\Java\jdk-17.0.2
PATH=C:\Users\asus\bin;C:\Program Files\Git\mingw64\bin;C:\Program Files\Git\usr\local\bin;C:\Program Files\Git\usr\bin;C:\Program Files\Git\usr\bin;C:\Program Files\Git\mingw64\bin;C:\Program Files\Git\usr\bin;C:\Users\asus\bin;C:\Program Files\Common Files\Oracle\Java\javapath;C:\Windows\system32;C:\Windows;C:\Windows\System32\Wbem;C:\Windows\System32\WindowsPowerShell\v1.0;C:\Windows\System32\OpenSSH;C:\Program Files (x86)\NVIDIA Corporation\PhysX\Common;C:\Program Files\Intel\WiFi\bin;C:\Program Files\Common Files\Intel\WirelessCommon;C:\WINDOWS\system32;C:\WINDOWS;C:\WINDOWS\System32\Wbem;C:\WINDOWS\System32\WindowsPowerShell\v1.0;C:\WINDOWS\System32\OpenSSH;C:\Program Files\Java\jdk-17.0.2\bin;C:\apache-maven-3.9.1\bin;C:\Program Files\nodejs;C:\Program Files\Git\cmd;C:\Users\asus\AppData\Local\Microsoft\WindowsApps;C:\Users\asus\AppData\Local\Programs\Microsoft VS Code\bin;C:\Users\asus\AppData\Roaming\npm;C:\Program Files\Git\usr\bin\vendor_perl;C:\Program Files\Git\usr\bin\core_perl
USERNAME=asus
SHELL=C:\Program Files\Git\usr\bin\bash.exe
DISPLAY=needs-to-be-defined
LC_CTYPE=id_ID.UTF-8
TERM=xterm
TMPDIR=C:\Users\asus\AppData\Local\Temp
OS=Windows_NT
PROCESSOR_IDENTIFIER=Intel64 Family 6 Model 142 Stepping 11, GenuineIntel
TMP=C:\Users\asus\AppData\Local\Temp
TEMP=C:\Users\asus\AppData\Local\Temp



---------------  S Y S T E M  ---------------

OS:
 Windows 10 , 64 bit Build 19041 (10.0.19041.1706)
OS uptime: 0 days 22:39 hours

CPU: total 8 (initial active 8) (4 cores per cpu, 2 threads per core) family 6 model 142 stepping 11 microcode 0xae, cx8, cmov, fxsr, ht, mmx, 3dnowpref, sse, sse2, sse3, ssse3, sse4.1, sse4.2, popcnt, lzcnt, tsc, tscinvbit, avx, avx2, aes, erms, clmul, bmi1, bmi2, adx, fma, vzeroupper, clflush, clflushopt

Memory: 4k page, system-wide physical 8043M (301M free)
TotalPageFile size 21450M (AvailPageFile size 10M)
current process WorkingSet (physical memory assigned to process): 94M, peak: 774M
current process commit charge ("private bytes"): 316M, peak: 880M

vm_info: OpenJDK 64-Bit Server VM (17.0.6+10) for windows-amd64 JRE (17.0.6+10), built on Jan 18 2023 10:08:59 by "temurin" with MS VC++ 16.7 (VS2019)

END.
